<?xml version="1.0" encoding="UTF-8"?>
<!-- Generated by org.testng.reporters.JUnitReportReporter -->
<testsuite hostname="DESKTOP-LKE06MV" failures="0" tests="1" name="TestNG.Ajio" time="16.303" errors="0" timestamp="2024-09-29T18:47:55 IST" skipped="0">
  <testcase classname="TestNG.Ajio" name="ajio" time="16.303"/>
  <system-out/>
</testsuite> <!-- TestNG.Ajio -->
