<?xml version="1.0" encoding="UTF-8"?>
<!-- Generated by org.testng.reporters.JUnitReportReporter -->
<testsuite hostname="DESKTOP-LKE06MV" failures="0" tests="2" name="TestNG.Groupingcloseaccountscenario" time="0.031" errors="0" timestamp="2024-09-29T20:08:35 IST" skipped="0">
  <testcase classname="TestNG.Groupingcloseaccountscenario" name="e" time="0.004"/>
  <system-out>
    <![CDATA[method e close account]]>
  </system-out>
  <testcase classname="TestNG.Groupingcloseaccountscenario" name="d" time="0.027"/>
  <system-out>
    <![CDATA[method b close account]]>
  </system-out>
</testsuite> <!-- TestNG.Groupingcloseaccountscenario -->
