<?xml version="1.0" encoding="UTF-8"?>
<!-- Generated by org.testng.reporters.JUnitReportReporter -->
<testsuite hostname="DESKTOP-LKE06MV" failures="0" tests="6" name="TestNG.Keyworduse" time="0.127" errors="0" timestamp="2024-09-29T17:01:47 IST" skipped="0">
  <testcase classname="TestNG.Keyworduse" name="b" time="0.040"/>
  <system-out>
    <![CDATA[Method b is running]]>
  </system-out>
  <testcase classname="TestNG.Keyworduse" name="e" time="0.038"/>
  <system-out>
    <![CDATA[Method e is running]]>
  </system-out>
  <testcase classname="TestNG.Keyworduse" name="e" time="0.014"/>
  <system-out>
    <![CDATA[Method e is running]]>
  </system-out>
  <testcase classname="TestNG.Keyworduse" name="e" time="0.013"/>
  <system-out>
    <![CDATA[Method e is running]]>
  </system-out>
  <testcase classname="TestNG.Keyworduse" name="a" time="0.019"/>
  <system-out>
    <![CDATA[Method a is running]]>
  </system-out>
  <testcase classname="TestNG.Keyworduse" name="d" time="0.003"/>
  <system-out>
    <![CDATA[Method d is running]]>
  </system-out>
</testsuite> <!-- TestNG.Keyworduse -->
