<?xml version="1.0" encoding="UTF-8"?>
<!-- Generated by org.testng.reporters.JUnitReportReporter -->
<testsuite hostname="DESKTOP-LKE06MV" failures="0" tests="4" name="TestNG.test1" time="0.036" errors="0" timestamp="2024-09-23T14:54:02 IST" skipped="0">
  <testcase classname="TestNG.test1" name="b" time="0.006"/>
  <system-out>
    <![CDATA[method b is passed ]]>
  </system-out>
  <testcase classname="TestNG.test1" name="c" time="0.004"/>
  <system-out>
    <![CDATA[method c is passed ]]>
  </system-out>
  <testcase classname="TestNG.test1" name="a" time="0.024"/>
  <system-out>
    <![CDATA[method a is passed ]]>
  </system-out>
  <testcase classname="TestNG.test1" name="d" time="0.002"/>
  <system-out/>
</testsuite> <!-- TestNG.test1 -->
