<?xml version="1.0" encoding="UTF-8"?>
<!-- Generated by org.testng.reporters.JUnitReportReporter -->
<testsuite hostname="DESKTOP-LKE06MV" failures="0" tests="1" name="TestNG.Meesho" time="14.299" errors="0" timestamp="2024-10-02T15:15:39 IST" skipped="0">
  <testcase classname="TestNG.Meesho" name="mesho" time="14.299"/>
  <system-out/>
</testsuite> <!-- TestNG.Meesho -->
