<?xml version="1.0" encoding="UTF-8"?>
<!-- Generated by org.testng.reporters.JUnitReportReporter -->
<testsuite hostname="DESKTOP-LKE06MV" failures="0" tests="1" name="TestNG.flipkart" time="4.715" errors="0" timestamp="2024-10-02T15:15:39 IST" skipped="0">
  <testcase classname="TestNG.flipkart" name="flipkart1" time="4.715"/>
  <system-out/>
</testsuite> <!-- TestNG.flipkart -->
