<?xml version="1.0" encoding="UTF-8"?>
<!-- Generated by org.testng.reporters.JUnitReportReporter -->
<testsuite hostname="DESKTOP-LKE06MV" failures="0" tests="1" name="listeners.Listnerclassforscreenshot" time="5.323" errors="0" timestamp="2024-10-03T16:25:05 IST" skipped="0">
  <testcase classname="listeners.Listnerclassforscreenshot" name="takescrenshot" time="5.323"/>
  <system-out/>
</testsuite> <!-- listeners.Listnerclassforscreenshot -->
