<?xml version="1.0" encoding="UTF-8"?>
<!-- Generated by org.testng.reporters.JUnitReportReporter -->
<testsuite hostname="DESKTOP-LKE06MV" failures="0" tests="1" name="TestNG.Groupingsavingaccountscenario" time="0.003" errors="0" timestamp="2024-09-29T20:08:35 IST" skipped="0">
  <testcase classname="TestNG.Groupingsavingaccountscenario" name="b" time="0.003"/>
  <system-out>
    <![CDATA[method c saving and close account]]>
  </system-out>
</testsuite> <!-- TestNG.Groupingsavingaccountscenario -->
