<?xml version="1.0" encoding="UTF-8"?>
<!-- Generated by org.testng.reporters.JUnitReportReporter -->
<testsuite hostname="DESKTOP-LKE06MV" failures="0" tests="1" name="Coverfox_testPackage.TC_123_validateOTPpage" time="6.729" errors="0" timestamp="2024-10-09T13:18:17 IST" skipped="0">
  <testcase classname="Coverfox_testPackage.TC_123_validateOTPpage" name="validateOTPpage" time="6.729"/>
  <system-out/>
</testsuite> <!-- Coverfox_testPackage.TC_123_validateOTPpage -->
