<?xml version="1.0" encoding="UTF-8"?>
<!-- Generated by org.testng.reporters.JUnitReportReporter -->
<testsuite hostname="DESKTOP-LKE06MV" failures="0" tests="1" name="listeners.Listner_testNG_class_forchecktrsaction" time="0.019" errors="0" timestamp="2024-10-02T15:43:17 IST" skipped="0">
  <testcase classname="listeners.Listner_testNG_class_forchecktrsaction" name="checktransaction" time="0.019"/>
  <system-out>
    <![CDATA[check withdrawn succesfully
Trasanction succesfully done]]>
  </system-out>
</testsuite> <!-- listeners.Listner_testNG_class_forchecktrsaction -->
