<?xml version="1.0" encoding="UTF-8"?>
<!-- Generated by org.testng.reporters.JUnitReportReporter -->
<testsuite hostname="DESKTOP-LKE06MV" failures="0" tests="1" name="listeners.Testclassfortestnglistnerscreenshot" time="7.888" errors="0" timestamp="2024-10-03T21:35:43 IST" skipped="0">
  <testcase classname="listeners.Testclassfortestnglistnerscreenshot" name="takescrenshot" time="7.888"/>
  <system-out>
    <![CDATA[screenshot is taken ]]>
  </system-out>
</testsuite> <!-- listeners.Testclassfortestnglistnerscreenshot -->
