<?xml version="1.0" encoding="UTF-8"?>
<!-- Generated by org.testng.reporters.JUnitReportReporter -->
<testsuite hostname="DESKTOP-LKE06MV" failures="0" tests="1" name="Coverfox_testPackage.TC_123_validateOTPpage" time="8.771" errors="0" timestamp="2024-10-10T21:04:15 IST" skipped="0">
  <testcase classname="Coverfox_testPackage.TC_123_validateOTPpage" name="validateOTPpage" time="8.771"/>
  <system-out/>
</testsuite> <!-- Coverfox_testPackage.TC_123_validateOTPpage -->
